1695524990148:findAllBooks
1695525014466:find-all-books
1695525076611:help
1695525091392:stacktrace
1695525464747:find-all-books
1695525483086:save-book
1695525510129:save-book abc wolber 2023
1695525519152:find-all-books
1699552423118:--helphelp.sh
1699552428841:help.sh
1699552527947:stacktrace?
1699552529302:?
1699552540189:commands?
1699552543866:.
1699552558753:commands.
1699552682976:start..
1699552706240:save-book "The Idiot" "Dostoyevsky" 1923.
1699552812140:.
1699552815327:connect
1699552827521:helpconnect
1699552841502:rest call
1699553036970:help.
1699553142306:find-all-books.
1699553235001:Loads all books
1699553320680:findAllBooks().
1699553634800:helphelp()help().
1699553641054:spring help
1699553649268:spring help init.
1699553814090:help.
1699553959933:There may be an error in the configuration that is preventing the shell from starting correctly..
1699554311494:help;
1699554317295:help
1699554349765:find-by-year-after 2020
1699554368869:feevc
1699554368875:e
1699554419239:help
1699554444014:save-book "The Idiot" "Dostoyevsky" 1923
1699554499499:help
1699554544966:version
1699554569424:clear
1699554583999:help
1699554623692:save-book "The Idiot" "Dostoyevsky" 1923
1699555146287:stacktrace
1699555544208:save-book "The Idiot" "Dostoyevsky" 1923
1700437301556:help
1700437401480:find-all-books
1700437477100:find-by-author 'wolr'
1700437840786:help
1700437845584:save-book
1700438627841:help
1700438639324:find-by-userId
